<?xml version="1.0" encoding="UTF-8"?>
<!-- Generated by org.testng.reporters.JUnitXMLReporter -->
<testsuite hostname="ACER-PC" name="RUN ON FIREFOX" tests="3" failures="0" timestamp="23 Jul 2019 16:45:09 GMT" time="25.256" errors="0">
  <testcase name="MenuItems_008_NewCars" time="3.241" classname="sytner.co.uk.homepage.HomePage_001_MenuItems"/>
  <testcase name="MenuItems_009_CarMaintenance" time="3.189" classname="sytner.co.uk.homepage.HomePage_001_MenuItems"/>
  <testcase name="MenuItems_010_Promotions" time="3.077" classname="sytner.co.uk.homepage.HomePage_001_MenuItems"/>
</testsuite> <!-- RUN ON FIREFOX -->
