<?xml version="1.0" encoding="UTF-8"?>
<testsuite name="RUN ON FIREFOX"
           tests="7"
           failures="0"
           errors="0"
           skipped="0"
           time="30.432">
  <properties />
  
  
            <testcase name="MenuItems_011_BusinessUsers" time="4.098" classname="sytner.co.uk.homepage.HomePage_001_MenuItems" />
                <testcase name="MenuItems_013_DealerLocator" time="3.637" classname="sytner.co.uk.homepage.HomePage_001_MenuItems" />
                <testcase name="MenuItems_014_HomeIcon" time="6.894" classname="sytner.co.uk.homepage.HomePage_001_MenuItems" />
                <testcase name="MenuItems_009_CarMaintenance" time="4.924" classname="sytner.co.uk.homepage.HomePage_001_MenuItems" />
                <testcase name="MenuItems_012_SellYourCar" time="3.094" classname="sytner.co.uk.homepage.HomePage_001_MenuItems" />
                <testcase name="MenuItems_008_NewCars" time="4.431" classname="sytner.co.uk.homepage.HomePage_001_MenuItems" />
                <testcase name="MenuItems_010_Promotions" time="3.354" classname="sytner.co.uk.homepage.HomePage_001_MenuItems" />
      
</testsuite>
