<?xml version="1.0" encoding="UTF-8"?>
<testng-results skipped="0" failed="0" total="14" passed="14">
  <reporter-output>
    <line>
      <![CDATA[2019-08-01 00:02:33,222 INFO  sytner.co.uk.homepage.HomePage_003_JumPoints - JumpPoints_001_Alpina: STep 01 - Hover to Alpina
]]>
    </line>
    <line>
      <![CDATA[2019-08-01 00:02:34,351 INFO  sytner.co.uk.homepage.HomePage_003_JumPoints - JumpPoints_001_Alpina: STep 02 - Click to to Alpina icon
]]>
    </line>
    <line>
      <![CDATA[2019-08-01 00:02:36,697 INFO  sytner.co.uk.homepage.HomePage_003_JumPoints - JumpPoints_001_Alpina: STep 03 - Verify Alpina page is displayed
]]>
    </line>
    <line>
      <![CDATA[2019-08-01 00:02:36,728 INFO  sytner.co.uk.homepage.HomePage_003_JumPoints - ===PASSED===
]]>
    </line>
    <line>
      <![CDATA[2019-08-01 00:02:36,733 INFO  sytner.co.uk.homepage.HomePage_003_JumPoints - JumpPoints_002_Audi: Step 01 - Back to home page from alpina
]]>
    </line>
    <line>
      <![CDATA[2019-08-01 00:02:37,353 INFO  sytner.co.uk.homepage.HomePage_003_JumPoints - JumpPoints_002_Audi: Step 02 - Hover to auti
]]>
    </line>
    <line>
      <![CDATA[2019-08-01 00:02:38,594 INFO  sytner.co.uk.homepage.HomePage_003_JumPoints - JumpPoints_002_Audi: Step 03 - Click to auti
]]>
    </line>
    <line>
      <![CDATA[2019-08-01 00:02:43,344 INFO  sytner.co.uk.homepage.HomePage_003_JumPoints - JumpPoints_002_Audi: Step 04 - Verify audi page is displayed
]]>
    </line>
    <line>
      <![CDATA[2019-08-01 00:02:43,357 INFO  sytner.co.uk.homepage.HomePage_003_JumPoints - ===PASSED===
]]>
    </line>
    <line>
      <![CDATA[2019-08-01 00:02:49,653 INFO  sytner.co.uk.homepage.HomePage_003_JumPoints - ===PASSED===
]]>
    </line>
  </reporter-output>
  <suite name="SYTNER" duration-ms="54258" started-at="2019-07-31T17:02:19Z" finished-at="2019-07-31T17:03:13Z">
    <groups>
    </groups>
    <test name="RUN ON FIREFOX" duration-ms="54258" started-at="2019-07-31T17:02:19Z" finished-at="2019-07-31T17:03:13Z">
      <class name="sytner.co.uk.homepage.HomePage_003_JumPoints">
        <test-method status="PASS" signature="beforeTest(java.lang.String)[pri:0, instance:sytner.co.uk.homepage.HomePage_003_JumPoints@3e9b1010]" name="beforeTest" is-config="true" duration-ms="14087" started-at="2019-08-01T00:02:19Z" finished-at="2019-08-01T00:02:33Z">
          <params>
            <param index="0">
              <value>
                <![CDATA[chrome]]>
              </value>
            </param>
          </params>
          <reporter-output>
          </reporter-output>
        </test-method> <!-- beforeTest -->
        <test-method status="PASS" signature="JumpPoints_001_Alpina()[pri:0, instance:sytner.co.uk.homepage.HomePage_003_JumPoints@3e9b1010]" name="JumpPoints_001_Alpina" duration-ms="3514" started-at="2019-08-01T00:02:33Z" finished-at="2019-08-01T00:02:36Z">
          <reporter-output>
            <line>
              <![CDATA[2019-08-01 00:02:33,222 INFO  sytner.co.uk.homepage.HomePage_003_JumPoints - JumpPoints_001_Alpina: STep 01 - Hover to Alpina
]]>
            </line>
            <line>
              <![CDATA[2019-08-01 00:02:34,351 INFO  sytner.co.uk.homepage.HomePage_003_JumPoints - JumpPoints_001_Alpina: STep 02 - Click to to Alpina icon
]]>
            </line>
            <line>
              <![CDATA[2019-08-01 00:02:36,697 INFO  sytner.co.uk.homepage.HomePage_003_JumPoints - JumpPoints_001_Alpina: STep 03 - Verify Alpina page is displayed
]]>
            </line>
            <line>
              <![CDATA[2019-08-01 00:02:36,728 INFO  sytner.co.uk.homepage.HomePage_003_JumPoints - ===PASSED===
]]>
            </line>
          </reporter-output>
        </test-method> <!-- JumpPoints_001_Alpina -->
        <test-method status="PASS" signature="JumpPoints_002_Audi()[pri:0, instance:sytner.co.uk.homepage.HomePage_003_JumPoints@3e9b1010]" name="JumpPoints_002_Audi" duration-ms="6625" started-at="2019-08-01T00:02:36Z" finished-at="2019-08-01T00:02:43Z">
          <reporter-output>
            <line>
              <![CDATA[2019-08-01 00:02:36,733 INFO  sytner.co.uk.homepage.HomePage_003_JumPoints - JumpPoints_002_Audi: Step 01 - Back to home page from alpina
]]>
            </line>
            <line>
              <![CDATA[2019-08-01 00:02:37,353 INFO  sytner.co.uk.homepage.HomePage_003_JumPoints - JumpPoints_002_Audi: Step 02 - Hover to auti
]]>
            </line>
            <line>
              <![CDATA[2019-08-01 00:02:38,594 INFO  sytner.co.uk.homepage.HomePage_003_JumPoints - JumpPoints_002_Audi: Step 03 - Click to auti
]]>
            </line>
            <line>
              <![CDATA[2019-08-01 00:02:43,344 INFO  sytner.co.uk.homepage.HomePage_003_JumPoints - JumpPoints_002_Audi: Step 04 - Verify audi page is displayed
]]>
            </line>
            <line>
              <![CDATA[2019-08-01 00:02:43,357 INFO  sytner.co.uk.homepage.HomePage_003_JumPoints - ===PASSED===
]]>
            </line>
          </reporter-output>
        </test-method> <!-- JumpPoints_002_Audi -->
        <test-method status="PASS" signature="JumpPoints_003_Bentley()[pri:0, instance:sytner.co.uk.homepage.HomePage_003_JumPoints@3e9b1010]" name="JumpPoints_003_Bentley" duration-ms="6295" started-at="2019-08-01T00:02:43Z" finished-at="2019-08-01T00:02:49Z">
          <reporter-output>
            <line>
              <![CDATA[2019-08-01 00:02:49,653 INFO  sytner.co.uk.homepage.HomePage_003_JumPoints - ===PASSED===
]]>
            </line>
          </reporter-output>
        </test-method> <!-- JumpPoints_003_Bentley -->
        <test-method status="PASS" signature="JumpPoints_004_BMW()[pri:0, instance:sytner.co.uk.homepage.HomePage_003_JumPoints@3e9b1010]" name="JumpPoints_004_BMW" duration-ms="3079" started-at="2019-08-01T00:02:49Z" finished-at="2019-08-01T00:02:52Z">
          <reporter-output>
          </reporter-output>
        </test-method> <!-- JumpPoints_004_BMW -->
        <test-method status="PASS" signature="JumpPoints_005_Ferrari()[pri:0, instance:sytner.co.uk.homepage.HomePage_003_JumPoints@3e9b1010]" name="JumpPoints_005_Ferrari" duration-ms="1097" started-at="2019-08-01T00:02:52Z" finished-at="2019-08-01T00:02:53Z">
          <reporter-output>
          </reporter-output>
        </test-method> <!-- JumpPoints_005_Ferrari -->
        <test-method status="PASS" signature="JumpPoints_006_AstonMartin()[pri:0, instance:sytner.co.uk.homepage.HomePage_003_JumPoints@3e9b1010]" name="JumpPoints_006_AstonMartin" duration-ms="1105" started-at="2019-08-01T00:02:53Z" finished-at="2019-08-01T00:02:54Z">
          <reporter-output>
          </reporter-output>
        </test-method> <!-- JumpPoints_006_AstonMartin -->
        <test-method status="PASS" signature="JumpPoints_007_Jaguar()[pri:0, instance:sytner.co.uk.homepage.HomePage_003_JumPoints@3e9b1010]" name="JumpPoints_007_Jaguar" duration-ms="1089" started-at="2019-08-01T00:02:54Z" finished-at="2019-08-01T00:02:56Z">
          <reporter-output>
          </reporter-output>
        </test-method> <!-- JumpPoints_007_Jaguar -->
        <test-method status="PASS" signature="JumpPoints_008_LandRover()[pri:0, instance:sytner.co.uk.homepage.HomePage_003_JumPoints@3e9b1010]" name="JumpPoints_008_LandRover" duration-ms="1113" started-at="2019-08-01T00:02:56Z" finished-at="2019-08-01T00:02:57Z">
          <reporter-output>
          </reporter-output>
        </test-method> <!-- JumpPoints_008_LandRover -->
        <test-method status="PASS" signature="JumpPoints_009_Lamborghini()[pri:0, instance:sytner.co.uk.homepage.HomePage_003_JumPoints@3e9b1010]" name="JumpPoints_009_Lamborghini" duration-ms="1123" started-at="2019-08-01T00:02:57Z" finished-at="2019-08-01T00:02:58Z">
          <reporter-output>
          </reporter-output>
        </test-method> <!-- JumpPoints_009_Lamborghini -->
        <test-method status="PASS" signature="JumpPoints_010_Maserati()[pri:0, instance:sytner.co.uk.homepage.HomePage_003_JumPoints@3e9b1010]" name="JumpPoints_010_Maserati" duration-ms="1102" started-at="2019-08-01T00:02:58Z" finished-at="2019-08-01T00:02:59Z">
          <reporter-output>
          </reporter-output>
        </test-method> <!-- JumpPoints_010_Maserati -->
        <test-method status="PASS" signature="JumpPoints_011_Mclaren()[pri:0, instance:sytner.co.uk.homepage.HomePage_003_JumPoints@3e9b1010]" name="JumpPoints_011_Mclaren" duration-ms="1115" started-at="2019-08-01T00:02:59Z" finished-at="2019-08-01T00:03:00Z">
          <reporter-output>
          </reporter-output>
        </test-method> <!-- JumpPoints_011_Mclaren -->
        <test-method status="PASS" signature="JumpPoints_012_MercedesBenz()[pri:0, instance:sytner.co.uk.homepage.HomePage_003_JumPoints@3e9b1010]" name="JumpPoints_012_MercedesBenz" duration-ms="1079" started-at="2019-08-01T00:03:00Z" finished-at="2019-08-01T00:03:01Z">
          <reporter-output>
          </reporter-output>
        </test-method> <!-- JumpPoints_012_MercedesBenz -->
        <test-method status="PASS" signature="JumpPoints_013_MINI()[pri:0, instance:sytner.co.uk.homepage.HomePage_003_JumPoints@3e9b1010]" name="JumpPoints_013_MINI" duration-ms="1117" started-at="2019-08-01T00:03:01Z" finished-at="2019-08-01T00:03:02Z">
          <reporter-output>
          </reporter-output>
        </test-method> <!-- JumpPoints_013_MINI -->
        <test-method status="PASS" signature="JumpPoints_014_Porsche()[pri:0, instance:sytner.co.uk.homepage.HomePage_003_JumPoints@3e9b1010]" name="JumpPoints_014_Porsche" duration-ms="7692" started-at="2019-08-01T00:03:02Z" finished-at="2019-08-01T00:03:10Z">
          <reporter-output>
          </reporter-output>
        </test-method> <!-- JumpPoints_014_Porsche -->
        <test-method status="PASS" signature="afterClass()[pri:0, instance:sytner.co.uk.homepage.HomePage_003_JumPoints@3e9b1010]" name="afterClass" is-config="true" duration-ms="3003" started-at="2019-08-01T00:03:10Z" finished-at="2019-08-01T00:03:13Z">
          <reporter-output>
          </reporter-output>
        </test-method> <!-- afterClass -->
      </class> <!-- sytner.co.uk.homepage.HomePage_003_JumPoints -->
    </test> <!-- RUN ON FIREFOX -->
  </suite> <!-- SYTNER -->
</testng-results>
